0 info it worked if it ends with ok
1 verbose cli [ 'C:\\Program Files\\nodejs\\node.exe',
1 verbose cli   'C:\\Program Files\\nodejs\\node_modules\\npm\\bin\\npm-cli.js',
1 verbose cli   'publish' ]
2 info using npm@3.10.9
3 info using node@v7.2.0
4 verbose publish [ '.' ]
5 silly cache add args [ '.', null ]
6 verbose cache add spec .
7 silly cache add parsed spec Result {
7 silly cache add   raw: '.',
7 silly cache add   scope: null,
7 silly cache add   escapedName: null,
7 silly cache add   name: null,
7 silly cache add   rawSpec: '.',
7 silly cache add   spec: 'C:\\2017\\jackpaper',
7 silly cache add   type: 'directory' }
8 verbose addLocalDirectory C:\Users\David\AppData\Roaming\npm-cache\jackpaper\1.0.2\package.tgz not in flight; packing
9 verbose correctMkdir C:\Users\David\AppData\Roaming\npm-cache correctMkdir not in flight; initializing
10 info lifecycle jackpaper@1.0.2~prepublish: jackpaper@1.0.2
11 silly lifecycle jackpaper@1.0.2~prepublish: no script for prepublish, continuing
12 verbose tar pack [ 'C:\\Users\\David\\AppData\\Roaming\\npm-cache\\jackpaper\\1.0.2\\package.tgz',
12 verbose tar pack   'C:\\2017\\jackpaper' ]
13 verbose tarball C:\Users\David\AppData\Roaming\npm-cache\jackpaper\1.0.2\package.tgz
14 verbose folder C:\2017\jackpaper
15 verbose addLocalTarball adding from inside cache C:\Users\David\AppData\Roaming\npm-cache\jackpaper\1.0.2\package.tgz
16 verbose correctMkdir C:\Users\David\AppData\Roaming\npm-cache correctMkdir not in flight; initializing
17 silly cache afterAdd jackpaper@1.0.2
18 verbose afterAdd C:\Users\David\AppData\Roaming\npm-cache\jackpaper\1.0.2\package\package.json not in flight; writing
19 verbose correctMkdir C:\Users\David\AppData\Roaming\npm-cache correctMkdir not in flight; initializing
20 verbose afterAdd C:\Users\David\AppData\Roaming\npm-cache\jackpaper\1.0.2\package\package.json written
21 silly publish { name: 'jackpaper',
21 silly publish   version: '1.0.2',
21 silly publish   bin: { jackpaper: 'wallpaper.js' },
21 silly publish   description: 'Random Unsplash Wallpaper Changer',
21 silly publish   author: { name: 'JackeL', email: 'it.davidkaiser@gmail.com' },
21 silly publish   private: true,
21 silly publish   dependencies:
21 silly publish    { chalk: '^1.1.3',
21 silly publish      commander: '^2.9.0',
21 silly publish      'commander-plus': '0.0.6',
21 silly publish      'node-schedule': '^1.2.1',
21 silly publish      request: '^2.81.0',
21 silly publish      wallpaper: '^2.4.0' },
21 silly publish   devDependencies: {},
21 silly publish   engines: { node: '>= 4.0.0', npm: '>= 3.0.0' },
21 silly publish   readme: '\r\n# Jackpaper\r\n\r\nA Node.js Script for pulling random images from unplash.com and applying them to your desktop wallpaper every two minutes.\r\n\r\n## Installation\r\n[You do need a developer ID from unsplash.](https://unsplash.com/developers) - simply register for developer account, create a new project.<br> <strong>copy project id to use for --key </strong>\r\n```\r\n$ git clone https://github.com/jackel27/Jackpaper.git\r\n$ cd Jackpaper\r\n$ npm install\r\n```\r\n\r\n\r\n## Usage\r\n```\r\nmake sure you are in project root...\r\n\r\n$ node wallpaper.js --help\r\n$ node wallpaper.js -q "QUERY HERE - OPTIONAL" --key "YOUR UNPLASH DEVELOPER PROJECT ID -REQUIRED"\r\n```\r\nor use forever...\r\n```\r\n$ forever start wallpaper --key "YOUR DEV ID" -q "QUERY"\r\n```\r\nto force change...\r\n```\r\n$ node wallpaper.js --force --key "YOUR DEV ID"\r\n```\r\n',
21 silly publish   readmeFilename: 'README.MD',
21 silly publish   gitHead: '0e7b1e9318bb3c2136baa44e37bb590c599557d3',
21 silly publish   _id: 'jackpaper@1.0.2',
21 silly publish   scripts: {},
21 silly publish   _shasum: '01585ef700b0487b8855870a1a568fb6739e039e',
21 silly publish   _from: '.' }
22 verbose getPublishConfig undefined
23 verbose stack Error: This package has been marked as private
23 verbose stack Remove the 'private' field from the package.json to publish it.
23 verbose stack     at publish_ (C:\Users\David\AppData\Roaming\nvm\v7.2.0\node_modules\npm\lib\publish.js:101:15)
23 verbose stack     at Array.<anonymous> (C:\Users\David\AppData\Roaming\nvm\v7.2.0\node_modules\npm\node_modules\slide\lib\bind-actor.js:15:8)
23 verbose stack     at LOOP (C:\Users\David\AppData\Roaming\nvm\v7.2.0\node_modules\npm\node_modules\slide\lib\chain.js:15:14)
23 verbose stack     at LOOP (C:\Users\David\AppData\Roaming\nvm\v7.2.0\node_modules\npm\node_modules\slide\lib\chain.js:14:28)
23 verbose stack     at chain (C:\Users\David\AppData\Roaming\nvm\v7.2.0\node_modules\npm\node_modules\slide\lib\chain.js:20:5)
23 verbose stack     at C:\Users\David\AppData\Roaming\nvm\v7.2.0\node_modules\npm\lib\publish.js:73:5
23 verbose stack     at RES (C:\Users\David\AppData\Roaming\nvm\v7.2.0\node_modules\npm\node_modules\inflight\inflight.js:23:14)
23 verbose stack     at f (C:\Users\David\AppData\Roaming\nvm\v7.2.0\node_modules\npm\node_modules\once\once.js:25:25)
23 verbose stack     at C:\Users\David\AppData\Roaming\nvm\v7.2.0\node_modules\npm\lib\cache.js:363:16
23 verbose stack     at C:\Users\David\AppData\Roaming\nvm\v7.2.0\node_modules\npm\node_modules\write-file-atomic\index.js:50:11
24 verbose cwd C:\2017\jackpaper
25 error Windows_NT 10.0.14393
26 error argv "C:\\Program Files\\nodejs\\node.exe" "C:\\Program Files\\nodejs\\node_modules\\npm\\bin\\npm-cli.js" "publish"
27 error node v7.2.0
28 error npm  v3.10.9
29 error This package has been marked as private
29 error Remove the 'private' field from the package.json to publish it.
30 error If you need help, you may report this error at:
30 error     <https://github.com/npm/npm/issues>
31 verbose exit [ 1, true ]
